This is pdfTeX, Version 3.14159265-2.6-1.40.18 (TeX Live 2017/Debian) (preloaded format=pdflatex 2019.6.13)  13 JUN 2019 23:28
entering extended mode
 restricted \write18 enabled.
 %&-line parsing enabled.
**sig-alternate.tex
(./sig-alternate.tex
LaTeX2e <2017-04-15>
Babel <3.18> and hyphenation patterns for 5 language(s) loaded.
(./sig-alternate.cls
(/usr/share/texlive/texmf-dist/tex/latex/graphics/epsfig.sty
Package: epsfig 2017/06/25 v1.7b (e)psfig emulation (SPQR)

(/usr/share/texlive/texmf-dist/tex/latex/graphics/graphicx.sty
Package: graphicx 2017/06/01 v1.1a Enhanced LaTeX Graphics (DPC,SPQR)

(/usr/share/texlive/texmf-dist/tex/latex/graphics/keyval.sty
Package: keyval 2014/10/28 v1.15 key=value parser (DPC)
\KV@toks@=\toks14
)
(/usr/share/texlive/texmf-dist/tex/latex/graphics/graphics.sty
Package: graphics 2017/06/25 v1.2c Standard LaTeX Graphics (DPC,SPQR)

(/usr/share/texlive/texmf-dist/tex/latex/graphics/trig.sty
Package: trig 2016/01/03 v1.10 sin cos tan (DPC)
)
(/usr/share/texlive/texmf-dist/tex/latex/graphics-cfg/graphics.cfg
File: graphics.cfg 2016/06/04 v1.11 sample graphics configuration
)
Package graphics Info: Driver file: pdftex.def on input line 99.

(/usr/share/texlive/texmf-dist/tex/latex/graphics-def/pdftex.def
File: pdftex.def 2018/01/08 v1.0l Graphics/color driver for pdftex
))
\Gin@req@height=\dimen102
\Gin@req@width=\dimen103
)
\epsfxsize=\dimen104
\epsfysize=\dimen105
)
(/usr/share/texlive/texmf-dist/tex/latex/amsfonts/amssymb.sty
Package: amssymb 2013/01/14 v3.01 AMS font symbols

(/usr/share/texlive/texmf-dist/tex/latex/amsfonts/amsfonts.sty
Package: amsfonts 2013/01/14 v3.01 Basic AMSFonts support
\@emptytoks=\toks15
\symAMSa=\mathgroup4
\symAMSb=\mathgroup5
LaTeX Font Info:    Overwriting math alphabet `\mathfrak' in version `bold'
(Font)                  U/euf/m/n --> U/euf/b/n on input line 106.
))
(/usr/share/texlive/texmf-dist/tex/latex/amsmath/amsmath.sty
Package: amsmath 2017/09/02 v2.17a AMS math features
\@mathmargin=\skip41

For additional information on amsmath, use the `?' option.
(/usr/share/texlive/texmf-dist/tex/latex/amsmath/amstext.sty
Package: amstext 2000/06/29 v2.01 AMS text

(/usr/share/texlive/texmf-dist/tex/latex/amsmath/amsgen.sty
File: amsgen.sty 1999/11/30 v2.0 generic functions
\@emptytoks=\toks16
\ex@=\dimen106
))
(/usr/share/texlive/texmf-dist/tex/latex/amsmath/amsbsy.sty
Package: amsbsy 1999/11/29 v1.2d Bold Symbols
\pmbraise@=\dimen107
)
(/usr/share/texlive/texmf-dist/tex/latex/amsmath/amsopn.sty
Package: amsopn 2016/03/08 v2.02 operator names
)
\inf@bad=\count79
LaTeX Info: Redefining \frac on input line 213.
\uproot@=\count80
\leftroot@=\count81
LaTeX Info: Redefining \overline on input line 375.
\classnum@=\count82
\DOTSCASE@=\count83
LaTeX Info: Redefining \ldots on input line 472.
LaTeX Info: Redefining \dots on input line 475.
LaTeX Info: Redefining \cdots on input line 596.
\Mathstrutbox@=\box26
\strutbox@=\box27
\big@size=\dimen108
LaTeX Font Info:    Redeclaring font encoding OML on input line 712.
LaTeX Font Info:    Redeclaring font encoding OMS on input line 713.
\macc@depth=\count84
\c@MaxMatrixCols=\count85
\dotsspace@=\muskip10
\c@parentequation=\count86
\dspbrk@lvl=\count87
\tag@help=\toks17
\row@=\count88
\column@=\count89
\maxfields@=\count90
\andhelp@=\toks18
\eqnshift@=\dimen109
\alignsep@=\dimen110
\tagshift@=\dimen111
\tagwidth@=\dimen112
\totwidth@=\dimen113
\lineht@=\dimen114
\@envbody=\toks19
\multlinegap=\skip42
\multlinetaggap=\skip43
\mathdisplay@stack=\toks20
LaTeX Info: Redefining \[ on input line 2817.
LaTeX Info: Redefining \] on input line 2818.
)
! Undefined control sequence.
<argument> \l@portuguese 
                         
l.53 \adddialect\l@PORTUGUESE\l@portuguese
                                          
The control sequence at the end of the top line
of your error message was never \def'ed. If you have
misspelled it (e.g., `\hobx'), type `I' and the correct
spelling (e.g., `I\hbox'). Otherwise just continue,
and I'll forget about whatever was undefined.

! Missing number, treated as zero.
<to be read again> 
                   \relax 
l.53 \adddialect\l@PORTUGUESE\l@portuguese
                                          
A number should have been here; I inserted `0'.
(If you can't figure out why I needed to see a number,
look up `weird error' in the index to The TeXbook.)

! Undefined control sequence.
<write> ...t from \string \language \l@portuguese 
                                                  
l.53 \adddialect\l@PORTUGUESE\l@portuguese
                                          
The control sequence at the end of the top line
of your error message was never \def'ed. If you have
misspelled it (e.g., `\hobx'), type `I' and the correct
spelling (e.g., `I\hbox'). Otherwise just continue,
and I'll forget about whatever was undefined.

\l@PORTUGUESE = a dialect from \language
Document Class 'sig-alternate' <23rd. May '12>. Modified by G.K.M. Tobin/Gerry 
Murray
Based in part upon document Style `acmconf' <22 May 89>. Hacked 4/91 by
shivers@cs.cmu.edu, 4/93 by theobald@cs.mcgill.ca
Excerpts were taken from (Journal Style) 'esub2acm.cls'.
****** Bugs/comments/suggestions/technicalities to Gerry Murray -- murray@hq.ac
m.org ******
Questions on the style, SIGS policies, etc. to Adrienne Griscti griscti@acm.org

\footheight=\dimen115
\@maxsep=\dimen116
\@dblmaxsep=\dimen117
\aucount=\count91
\originalaucount=\count92
\auwidth=\dimen118
\auskip=\dimen119
\auskipcount=\count93
\auskip=\dimen120
\allauboxes=\dimen121
\addauthors=\toks21
\addauflag=\count94
\subtitletext=\toks22
\savesection=\count95
\sectioncntr=\count96
\c@figure=\count97
\c@table=\count98
\titleboxnotes=\toks23
\titleboxnoteflag=\count99
Document Class: sig-alternate 2012/05/23 - V2.5 - based on acmproc.cls V1.3 <No
v. 30 '99>
(/usr/share/texlive/texmf-dist/tex/latex/base/latexsym.sty
Package: latexsym 1998/08/17 v2.2e Standard LaTeX package (lasy symbols)
\symlasy=\mathgroup6
LaTeX Font Info:    Overwriting symbol font `lasy' in version `bold'
(Font)                  U/lasy/m/n --> U/lasy/b/n on input line 52.
)
\@acmtitlebox=\box28
\titlenotecount=\count100
\tntoks=\toks24
\tntokstwo=\toks25
\tntoksthree=\toks26
\tntoksfour=\toks27
\tntoksfive=\toks28
\catcount=\count101
\copyrightnotice=\toks29
\conf=\toks30
\confinfo=\toks31
\c@part=\count102
\c@section=\count103
\c@subsection=\count104
\c@subsubsection=\count105
\c@paragraph=\count106

Using 'Abbrev' bibliography style
LaTeX Info: Redefining \cite on input line 1281.
\bibindent=\dimen122
\colcntr=\count107
\saveb@x=\box29
\copyrtyr=\toks32
\acmcopyr=\toks33
\boilerplate=\toks34
\copyrightetc=\toks35
(/usr/share/texlive/texmf-dist/tex/latex/base/fontenc.sty
Package: fontenc 2017/04/05 v2.0i Standard LaTeX package

(/usr/share/texlive/texmf-dist/tex/latex/base/t1enc.def
File: t1enc.def 2017/04/05 v2.0i Standard LaTeX file
LaTeX Font Info:    Redeclaring font encoding T1 on input line 48.
)
LaTeX Font Info:    Try loading font information for T1+aer on input line 105.

(/usr/share/texlive/texmf-dist/tex/latex/ae/t1aer.fd
File: t1aer.fd 1997/11/16 Font definitions for T1/aer.
)))
(/usr/share/texlive/texmf-dist/tex/generic/babel/babel.sty
Package: babel 2018/02/14 3.18 The Babel package

(/usr/share/texlive/texmf-dist/tex/generic/babel/switch.def
File: switch.def 2018/02/14 3.18 Babel switching mechanism
)

! Package babel Error: Unknown option `brazil'. Either you misspelled it
(babel)                or the language definition file brazil.ldf was not found
.

See the babel package documentation for explanation.
Type  H <return>  for immediate help.
 ...                                              
                                                  
l.445 \ProcessOptions*
                      
Valid options are: shorthands=, KeepShorthandsActive,
activeacute, activegrave, noconfigs, safe=, main=, math=
headfoot=, strings=, config=, hyphenmap=, or a language name.


! Package babel Error: You haven't specified a language option.

See the babel package documentation for explanation.
Type  H <return>  for immediate help.
 ...                                              
                                                  
l.478 ...ry to proceed from here, type x to quit.}
                                                  
You need to specify a language, either as a global option
or as an optional argument to the \usepackage command;
You shouldn't try to proceed from here, type x to quit.

) (./sig-alternate.aux)
\openout1 = `sig-alternate.aux'.

LaTeX Font Info:    Checking defaults for OML/cmm/m/it on input line 57.
LaTeX Font Info:    ... okay on input line 57.
LaTeX Font Info:    Checking defaults for T1/cmr/m/n on input line 57.
LaTeX Font Info:    ... okay on input line 57.
LaTeX Font Info:    Checking defaults for OT1/cmr/m/n on input line 57.
LaTeX Font Info:    ... okay on input line 57.
LaTeX Font Info:    Checking defaults for OMS/cmsy/m/n on input line 57.
LaTeX Font Info:    ... okay on input line 57.
LaTeX Font Info:    Checking defaults for OMX/cmex/m/n on input line 57.
LaTeX Font Info:    ... okay on input line 57.
LaTeX Font Info:    Checking defaults for U/cmr/m/n on input line 57.
LaTeX Font Info:    ... okay on input line 57.

(/usr/share/texlive/texmf-dist/tex/context/base/mkii/supp-pdf.mkii
[Loading MPS to PDF converter (version 2006.09.02).]
\scratchcounter=\count108
\scratchdimen=\dimen123
\scratchbox=\box30
\nofMPsegments=\count109
\nofMParguments=\count110
\everyMPshowfont=\toks36
\MPscratchCnt=\count111
\MPscratchDim=\dimen124
\MPnumerator=\count112
\makeMPintoPDFobject=\count113
\everyMPtoPDFconversion=\toks37
) (/usr/share/texlive/texmf-dist/tex/latex/oberdiek/epstopdf-base.sty
Package: epstopdf-base 2016/05/15 v2.6 Base part for package epstopdf

(/usr/share/texlive/texmf-dist/tex/generic/oberdiek/infwarerr.sty
Package: infwarerr 2016/05/16 v1.4 Providing info/warning/error messages (HO)
)
(/usr/share/texlive/texmf-dist/tex/latex/oberdiek/grfext.sty
Package: grfext 2016/05/16 v1.2 Manage graphics extensions (HO)

(/usr/share/texlive/texmf-dist/tex/generic/oberdiek/kvdefinekeys.sty
Package: kvdefinekeys 2016/05/16 v1.4 Define keys (HO)

(/usr/share/texlive/texmf-dist/tex/generic/oberdiek/ltxcmds.sty
Package: ltxcmds 2016/05/16 v1.23 LaTeX kernel commands for general use (HO)
)))
(/usr/share/texlive/texmf-dist/tex/latex/oberdiek/kvoptions.sty
Package: kvoptions 2016/05/16 v3.12 Key value format for package options (HO)

(/usr/share/texlive/texmf-dist/tex/generic/oberdiek/kvsetkeys.sty
Package: kvsetkeys 2016/05/16 v1.17 Key value parser (HO)

(/usr/share/texlive/texmf-dist/tex/generic/oberdiek/etexcmds.sty
Package: etexcmds 2016/05/16 v1.6 Avoid name clashes with e-TeX commands (HO)

(/usr/share/texlive/texmf-dist/tex/generic/oberdiek/ifluatex.sty
Package: ifluatex 2016/05/16 v1.4 Provides the ifluatex switch (HO)
Package ifluatex Info: LuaTeX not detected.
)
Package etexcmds Info: Could not find \expanded.
(etexcmds)             That can mean that you are not using pdfTeX 1.50 or
(etexcmds)             that some package has redefined \expanded.
(etexcmds)             In the latter case, load this package earlier.
)))
(/usr/share/texlive/texmf-dist/tex/generic/oberdiek/pdftexcmds.sty
Package: pdftexcmds 2018/01/21 v0.26 Utility functions of pdfTeX for LuaTeX (HO
)

(/usr/share/texlive/texmf-dist/tex/generic/oberdiek/ifpdf.sty
Package: ifpdf 2017/03/15 v3.2 Provides the ifpdf switch
)
Package pdftexcmds Info: LuaTeX not detected.
Package pdftexcmds Info: \pdf@primitive is available.
Package pdftexcmds Info: \pdf@ifprimitive is available.
Package pdftexcmds Info: \pdfdraftmode found.
)
Package epstopdf-base Info: Redefining graphics rule for `.eps' on input line 4
38.
Package grfext Info: Graphics extension search list:
(grfext)             [.pdf,.png,.jpg,.mps,.jpeg,.jbig2,.jb2,.PDF,.PNG,.JPG,.JPE
G,.JBIG2,.JB2,.eps]
(grfext)             \AppendGraphicsExtensions on input line 456.

(/usr/share/texlive/texmf-dist/tex/latex/latexconfig/epstopdf-sys.cfg
File: epstopdf-sys.cfg 2010/07/13 v1.3 Configuration of (r)epstopdf for TeX Liv
e
))
LaTeX Font Info:    Try loading font information for U+msa on input line 159.

(/usr/share/texlive/texmf-dist/tex/latex/amsfonts/umsa.fd
File: umsa.fd 2013/01/14 v3.01 AMS symbols A
)
LaTeX Font Info:    Try loading font information for U+msb on input line 159.

(/usr/share/texlive/texmf-dist/tex/latex/amsfonts/umsb.fd
File: umsb.fd 2013/01/14 v3.01 AMS symbols B
)
LaTeX Font Info:    Try loading font information for U+lasy on input line 159.

(/usr/share/texlive/texmf-dist/tex/latex/base/ulasy.fd
File: ulasy.fd 1998/08/17 v2.2e LaTeX symbol font definitions
)
Overfull \hbox (10.71048pt too wide) in paragraph at lines 159--159
 []\eaddfnt lleipuner@researchlabs.org| 
 []


Overfull \hbox (4.38892pt too wide) in paragraph at lines 165--167
\T1/aer/m/n/9 Neste ar-tigo, de-screve-mos as ori-en-tações de for-matação
 []


Overfull \hbox (20.40082pt too wide) in paragraph at lines 171--172
\T1/aer/m/n/9 Palavras-chave são as palavras-chave des-ig-nadas pe-los própri
os
 []


Overfull \hbox (1.26794pt too wide) in paragraph at lines 180--181
\T1/aer/m/n/9 H.4 [\T1/aer/bx/n/9 Information Sys-tems Ap-pli-ca-tions\T1/aer/m
/n/9 ]: Mis-cel-la-neous;
 []

LaTeX Font Info:    Try loading font information for T1+aett on input line 204.

(/usr/share/texlive/texmf-dist/tex/latex/ae/t1aett.fd
File: t1aett.fd 1997/11/16 Font definitions for T1/aett.
)
Underfull \hbox (badness 1360) in paragraph at lines 204--204
[][]\T1/aer/m/n/9 Two of these, the \T1/aett/m/n/9 \num-bero-fau-thors \T1/aer/
m/n/9 and \T1/aett/m/n/9 \alig-nau-
 []

[1{/var/lib/texmf/fonts/map/pdftex/updmap/pdftex.map}


]

! Package babel Error: You haven't defined the language portuguese yet.

See the babel package documentation for explanation.
Type  H <return>  for immediate help.
 ...                                              
                                                  
l.346 \caption{Frequency of Special Characters}
                                               
Your command will be ignored, type <return> to proceed

[2]

! Package babel Error: You haven't defined the language portuguese yet.

See the babel package documentation for explanation.
Type  H <return>  for immediate help.
 ...                                              
                                                  
l.370 \caption{Some Typical Commands}
                                     
Your command will be ignored, type <return> to proceed

Package epstopdf Info: Source file: <fly.eps>
(epstopdf)                    date: 2015-04-10 19:38:30
(epstopdf)                    size: 155104 bytes
(epstopdf)             Output file: <fly-eps-converted-to.pdf>
(epstopdf)             Command: <repstopdf --outfile=fly-eps-converted-to.pdf f
ly.eps>
(epstopdf)             \includegraphics on input line 394.
runsystem(repstopdf --outfile=fly-eps-converted-to.pdf fly.eps)...executed safe
ly (allowed).

Package epstopdf Info: Result file: <fly-eps-converted-to.pdf>
(epstopdf)                    date: 2019-06-13 23:28:15
(epstopdf)                    size: 4243 bytes.


pdfTeX warning: pdflatex (file ./fly-eps-converted-to.pdf): PDF inclusion: foun
d PDF version <1.7>, but at most version <1.5> allowed
<fly-eps-converted-to.pdf, id=26, 34.1275pt x 32.12pt>
File: fly-eps-converted-to.pdf Graphic file (type pdf)
<use fly-eps-converted-to.pdf>
Package pdftex.def Info: fly-eps-converted-to.pdf  used on input line 394.
(pdftex.def)             Requested size: 34.1274pt x 32.1199pt.

! Package babel Error: You haven't defined the language portuguese yet.

See the babel package documentation for explanation.
Type  H <return>  for immediate help.
 ...                                              
                                                  
l.395 ...e black and white graphic (.eps format).}
                                                  
Your command will be ignored, type <return> to proceed


! Package babel Error: You haven't defined the language portuguese yet.

See the babel package documentation for explanation.
Type  H <return>  for immediate help.
 ...                                              
                                                  
l.395 ...e black and white graphic (.eps format).}
                                                  
Your command will be ignored, type <return> to proceed

Package epstopdf Info: Source file: <fly.eps>
(epstopdf)                    date: 2015-04-10 19:38:30
(epstopdf)                    size: 155104 bytes
(epstopdf)             Output file: <fly-eps-converted-to.pdf>
(epstopdf)                    date: 2019-06-13 23:28:15
(epstopdf)                    size: 4243 bytes
(epstopdf)             Command: <repstopdf --outfile=fly-eps-converted-to.pdf f
ly.eps>
(epstopdf)             \includegraphics on input line 400.
Package epstopdf Info: Output file is already uptodate.
File: fly-eps-converted-to.pdf Graphic file (type pdf)
<use fly-eps-converted-to.pdf>
Package pdftex.def Info: fly-eps-converted-to.pdf  used on input line 400.
(pdftex.def)             Requested size: 72.27492pt x 72.27565pt.

! Package babel Error: You haven't defined the language portuguese yet.

See the babel package documentation for explanation.
Type  H <return>  for immediate help.
 ...                                              
                                                  
l.402 ...esized with the \texttt{epsfig} command.}
                                                  
Your command will be ignored, type <return> to proceed


LaTeX Font Warning: Font shape `T1/aett/bx/n' undefined
(Font)              using `T1/aett/m/n' instead on input line 402.


! Package babel Error: You haven't defined the language portuguese yet.

See the babel package documentation for explanation.
Type  H <return>  for immediate help.
 ...                                              
                                                  
l.402 ...esized with the \texttt{epsfig} command.}
                                                  
Your command will be ignored, type <return> to proceed

Package epstopdf Info: Source file: <flies.eps>
(epstopdf)                    date: 2015-04-10 19:38:24
(epstopdf)                    size: 343737 bytes
(epstopdf)             Output file: <flies-eps-converted-to.pdf>
(epstopdf)             Command: <repstopdf --outfile=flies-eps-converted-to.pdf
 flies.eps>
(epstopdf)             \includegraphics on input line 415.
runsystem(repstopdf --outfile=flies-eps-converted-to.pdf flies.eps)...executed 
safely (allowed).

Package epstopdf Info: Result file: <flies-eps-converted-to.pdf>
(epstopdf)                    date: 2019-06-13 23:28:16
(epstopdf)                    size: 9687 bytes.


pdfTeX warning: pdflatex (file ./flies-eps-converted-to.pdf): PDF inclusion: fo
und PDF version <1.7>, but at most version <1.5> allowed
<flies-eps-converted-to.pdf, id=27, 307.1475pt x 114.4275pt>
File: flies-eps-converted-to.pdf Graphic file (type pdf)
<use flies-eps-converted-to.pdf>
Package pdftex.def Info: flies-eps-converted-to.pdf  used on input line 415.
(pdftex.def)             Requested size: 307.14674pt x 114.42722pt.

! Package babel Error: You haven't defined the language portuguese yet.

See the babel package documentation for explanation.
Type  H <return>  for immediate help.
 ...                                              
                                                  
l.417 that needs to span two columns of text.}
                                              
Your command will be ignored, type <return> to proceed


! LaTeX Error: Unknown graphics extension: .ps.

See the LaTeX manual or LaTeX Companion for explanation.
Type  H <return>  for immediate help.
 ...                                              
                                                  
l.427 ...{file=rosette.ps, height=1in, width=1in,}
                                                  
Try typing  <return>  to proceed.
If that doesn't work, type  X <return>  to quit.


! Package babel Error: You haven't defined the language portuguese yet.

See the babel package documentation for explanation.
Type  H <return>  for immediate help.
 ...                                              
                                                  
l.429 ...resized with the \texttt{psfig} command.}
                                                  
Your command will be ignored, type <return> to proceed


! Package babel Error: You haven't defined the language portuguese yet.

See the babel package documentation for explanation.
Type  H <return>  for immediate help.
 ...                                              
                                                  
l.429 ...resized with the \texttt{psfig} command.}
                                                  
Your command will be ignored, type <return> to proceed

\c@theorem=\count114
\c@definition=\count115

Overfull \hbox (15.60826pt too wide) detected at line 483
\OML/cmm/m/it/9 l \OT1/cmr/m/n/9 = [] \OML/cmm/m/it/9 f\OT1/cmr/m/n/9 (\OML/cmm
/m/it/9 x\OT1/cmr/m/n/9 ) = [] [] = [] \OML/cmm/m/it/9 g\OT1/cmr/m/n/9 (\OML/cm
m/m/it/9 x\OT1/cmr/m/n/9 ) \OMS/cmsy/m/n/9 ^^A [] [] \OT1/cmr/m/n/9 = 0 \OMS/cm
sy/m/n/9 ^^A \OML/cmm/m/it/9 L \OT1/cmr/m/n/9 = 0\OML/cmm/m/it/9 ;
 []

(./sig-alternate.bbl
Overfull \hbox (21.02989pt too wide) in paragraph at lines 1--1
\T1/aer/m/n/9 (The Kumquat Con-sor-tium, email: \T1/aett/bx/n/9 jp-kumquat@cons
ortium.net\T1/aer/m/n/9 ). 
 []

[3 <./fly-eps-converted-to.pdf>])

! Package babel Error: You haven't defined the language portuguese yet.

See the babel package documentation for explanation.
Type  H <return>  for immediate help.
 ...                                              
                                                  
l.546 \appendix
               
Your command will be ignored, type <return> to proceed

[4 <./flies-eps-converted-to.pdf>] (./sig-alternate.aux)

LaTeX Font Warning: Some font shapes were not available, defaults substituted.

 ) 
Here is how much of TeX's memory you used:
 2932 strings out of 494880
 37178 string characters out of 6179601
 99019 words of memory out of 5000000
 6152 multiletter control sequences out of 15000+600000
 61914 words of font info for 85 fonts, out of 8000000 for 9000
 36 hyphenation exceptions out of 8191
 41i,12n,28p,454b,312s stack positions out of 5000i,500n,10000p,200000b,80000s
{/usr/share/texlive/texmf-dist/fonts/enc/dvips/base/8r.enc}</usr/share/texliv
e/texmf-dist/fonts/type1/public/amsfonts/cm/cmbx9.pfb></usr/share/texlive/texmf
-dist/fonts/type1/public/amsfonts/cm/cmcsc10.pfb></usr/share/texlive/texmf-dist
/fonts/type1/public/amsfonts/cmextra/cmex9.pfb></usr/share/texlive/texmf-dist/f
onts/type1/public/amsfonts/cm/cmmi6.pfb></usr/share/texlive/texmf-dist/fonts/ty
pe1/public/amsfonts/cm/cmmi9.pfb></usr/share/texlive/texmf-dist/fonts/type1/pub
lic/amsfonts/cm/cmr6.pfb></usr/share/texlive/texmf-dist/fonts/type1/public/amsf
onts/cm/cmr9.pfb></usr/share/texlive/texmf-dist/fonts/type1/public/amsfonts/cm/
cmsy6.pfb></usr/share/texlive/texmf-dist/fonts/type1/public/amsfonts/cm/cmsy9.p
fb></usr/share/texlive/texmf-dist/fonts/type1/public/amsfonts/cm/cmti7.pfb></us
r/share/texlive/texmf-dist/fonts/type1/public/amsfonts/cm/cmti9.pfb></usr/share
/texlive/texmf-dist/fonts/type1/public/amsfonts/cm/cmtt9.pfb></usr/share/texliv
e/texmf-dist/fonts/type1/urw/helvetic/uhvb8a.pfb></usr/share/texlive/texmf-dist
/fonts/type1/urw/helvetic/uhvr8a.pfb></usr/share/texlive/texmf-dist/fonts/type1
/urw/times/utmb8a.pfb></usr/share/texlive/texmf-dist/fonts/type1/urw/times/utmb
i8a.pfb></usr/share/texlive/texmf-dist/fonts/type1/urw/times/utmr8a.pfb></usr/s
hare/texlive/texmf-dist/fonts/type1/urw/times/utmri8a.pfb>
Output written on sig-alternate.pdf (4 pages, 236441 bytes).
PDF statistics:
 97 PDF objects out of 1000 (max. 8388607)
 69 compressed objects within 1 object stream
 0 named destinations out of 1000 (max. 500000)
 11 words of extra memory for PDF output out of 10000 (max. 10000000)

